<?xml version="1.0" encoding="UTF-8"?>
<testsuite name="activitySelector_GreedyTest" tests="1" skipped="0" failures="0" errors="0" timestamp="2022-01-22T17:39:09" hostname="ANDREWS-PC" time="0.014">
  <properties/>
  <testcase name="Test1()" classname="activitySelector_GreedyTest" time="0.014"/>
  <system-out><![CDATA[]]></system-out>
  <system-err><![CDATA[]]></system-err>
</testsuite>
